<?xml version="1.0" encoding="UTF-8"?>
<!-- Generated by org.testng.reporters.JUnitXMLReporter -->
<testsuite ignored="4" hostname="RITESH" failures="0" tests="1" name="Default test" time="124.06" errors="0" timestamp="2024-12-01T19:02:05 IST">
  <testcase classname="testScript.BashTS" name="verifyBash004RegisterWithApple" time="44.359"/>
  <testcase classname="testScript.BashTS" name="verifyBash001NewUserRegister" time="0.0">
    <ignored/>
  </testcase> <!-- verifyBash001NewUserRegister -->
  <testcase classname="testScript.BashTS" name="verifyBash006ValidDeatilsUserLogin" time="0.0">
    <ignored/>
  </testcase> <!-- verifyBash006ValidDeatilsUserLogin -->
  <testcase classname="testScript.BashTS" name="verifyBash002RegisterWithGoogle" time="0.0">
    <ignored/>
  </testcase> <!-- verifyBash002RegisterWithGoogle -->
  <testcase classname="testScript.BashTS" name="verifyBash003RegisterWithfaceBook" time="0.0">
    <ignored/>
  </testcase> <!-- verifyBash003RegisterWithfaceBook -->
</testsuite> <!-- Default test -->
