<?xml version="1.0" encoding="UTF-8"?>
<!-- Generated by org.testng.reporters.JUnitXMLReporter -->
<testsuite ignored="1" hostname="RITESH" failures="0" tests="1" name="Test" time="104.262" errors="0" timestamp="2024-11-29T13:58:56 IST">
  <testcase classname="testScript.BashTS" name="verifyBash002NewUserRegister" time="47.144"/>
  <testcase classname="testScript.BashTS" name="verifyBash001SearchProducts" time="0.0">
    <ignored/>
  </testcase> <!-- verifyBash001SearchProducts -->
</testsuite> <!-- Test -->
