<?xml version="1.0" encoding="UTF-8"?>
<testng-results ignored="1" total="2" passed="1" failed="0" skipped="0">
  <reporter-output>
  </reporter-output>
  <suite started-at="2024-11-30T06:44:43 IST" name="BashWebSite" finished-at="2024-11-30T06:45:36 IST" duration-ms="52693">
    <groups>
    </groups>
    <test started-at="2024-11-30T06:44:43 IST" name="FirstTest" finished-at="2024-11-30T06:45:36 IST" duration-ms="52693">
      <class name="testScript.BashTS">
        <test-method is-config="true" signature="beforeSuite()[pri:0, instance:testScript.BashTS@131774fe]" started-at="2024-11-30T06:44:43 IST" name="beforeSuite" finished-at="2024-11-30T06:44:43 IST" duration-ms="378" status="PASS">
          <reporter-output>
          </reporter-output>
        </test-method> <!-- beforeSuite -->
        <test-method is-config="true" signature="beforeClass()[pri:0, instance:testScript.BashTS@131774fe]" started-at="2024-11-30T06:44:43 IST" name="beforeClass" finished-at="2024-11-30T06:44:57 IST" duration-ms="14108" status="PASS">
          <reporter-output>
          </reporter-output>
        </test-method> <!-- beforeClass -->
        <test-method is-config="true" signature="beforeMethod(java.lang.reflect.Method)[pri:0, instance:testScript.BashTS@131774fe]" started-at="2024-11-30T06:44:57 IST" name="beforeMethod" finished-at="2024-11-30T06:44:57 IST" duration-ms="31" status="PASS">
          <params>
            <param index="0">
              <value>
                <![CDATA[public void testScript.BashTS.verifyBash001SearchProducts() throws java.lang.InterruptedException]]>
              </value>
            </param>
          </params>
          <reporter-output>
          </reporter-output>
        </test-method> <!-- beforeMethod -->
        <test-method signature="verifyBash001SearchProducts()[pri:0, instance:testScript.BashTS@131774fe]" started-at="2024-11-30T06:44:57 IST" name="verifyBash001SearchProducts" finished-at="2024-11-30T06:45:35 IST" duration-ms="37703" status="PASS">
          <reporter-output>
          </reporter-output>
        </test-method> <!-- verifyBash001SearchProducts -->
        <test-method is-config="true" signature="afterMethod(java.lang.reflect.Method)[pri:0, instance:testScript.BashTS@131774fe]" started-at="2024-11-30T06:45:35 IST" name="afterMethod" finished-at="2024-11-30T06:45:36 IST" duration-ms="459" status="PASS">
          <params>
            <param index="0">
              <value>
                <![CDATA[public void testScript.BashTS.verifyBash001SearchProducts() throws java.lang.InterruptedException]]>
              </value>
            </param>
          </params>
          <reporter-output>
          </reporter-output>
        </test-method> <!-- afterMethod -->
        <test-method is-config="true" signature="afterClass()[pri:0, instance:testScript.BashTS@131774fe]" started-at="2024-11-30T06:45:36 IST" name="afterClass" finished-at="2024-11-30T06:45:36 IST" duration-ms="323" status="PASS">
          <reporter-output>
          </reporter-output>
        </test-method> <!-- afterClass -->
        <test-method is-config="true" signature="afterSuite()[pri:0, instance:testScript.BashTS@131774fe]" started-at="2024-11-30T06:45:36 IST" name="afterSuite" finished-at="2024-11-30T06:45:36 IST" duration-ms="15" status="PASS">
          <reporter-output>
          </reporter-output>
        </test-method> <!-- afterSuite -->
      </class> <!-- testScript.BashTS -->
    </test> <!-- FirstTest -->
  </suite> <!-- BashWebSite -->
</testng-results>
