<?xml version="1.0" encoding="UTF-8"?>
<testng-results ignored="2" total="2" passed="0" failed="0" skipped="0">
  <reporter-output>
  </reporter-output>
  <suite started-at="2024-11-28T11:16:37 IST" name="BashWebSite" finished-at="2024-11-28T11:16:37 IST" duration-ms="9">
    <groups>
    </groups>
    <test started-at="2024-11-28T11:16:37 IST" name="FirstTest" finished-at="2024-11-28T11:16:37 IST" duration-ms="9">
      <class name="testScript.BashTS">
        <test-method is-config="true" signature="beforeSuite()[pri:0, instance:testScript.BashTS@10e31a9a]" started-at="2024-11-28T11:16:37 IST" name="beforeSuite" finished-at="2024-11-28T11:16:37 IST" duration-ms="341" status="PASS">
          <reporter-output>
          </reporter-output>
        </test-method> <!-- beforeSuite -->
        <test-method is-config="true" signature="afterSuite()[pri:0, instance:testScript.BashTS@10e31a9a]" started-at="2024-11-28T11:16:37 IST" name="afterSuite" finished-at="2024-11-28T11:16:37 IST" duration-ms="380" status="PASS">
          <reporter-output>
          </reporter-output>
        </test-method> <!-- afterSuite -->
      </class> <!-- testScript.BashTS -->
    </test> <!-- FirstTest -->
  </suite> <!-- BashWebSite -->
</testng-results>
